<?xml version="1.0" encoding="UTF-8"?>
<!-- Generated by org.testng.reporters.JUnitReportReporter -->
<testsuite hostname="DESKTOP-510UADQ" failures="0" tests="1" name="TestNg_Real_project.Adactin_Runner_Class" time="62.212" errors="0" timestamp="2022-07-31T19:48:30 IST" skipped="0">
  <testcase classname="TestNg_Real_project.Adactin_Runner_Class" name="all_method" time="62.212"/>
  <system-out/>
</testsuite> <!-- TestNg_Real_project.Adactin_Runner_Class -->
