<?xml version="1.0" encoding="UTF-8"?>
<!-- Generated by org.testng.reporters.JUnitReportReporter -->
<testsuite hostname="DESKTOP-510UADQ" failures="0" tests="1" name="com.TestNg.TestNg_Method" time="0.029" errors="0" timestamp="2022-07-25T14:55:59 IST" skipped="0">
  <testcase classname="com.TestNg.TestNg_Method" name="syso" time="0.029"/>
  <system-out/>
</testsuite> <!-- com.TestNg.TestNg_Method -->
