<?xml version="1.0" encoding="UTF-8"?>
<!-- Generated by org.testng.reporters.JUnitReportReporter -->
<testsuite hostname="DESKTOP-510UADQ" failures="0" tests="3" name="com.Data_provider.Runner_demo" time="0.040" errors="0" timestamp="2022-07-28T18:44:51 IST" skipped="0">
  <testcase classname="com.Data_provider.Runner_demo" name="collect" time="0.011"/>
  <system-out/>
  <testcase classname="com.Data_provider.Runner_demo" name="collect" time="0.007"/>
  <system-out/>
  <testcase classname="com.Data_provider.Runner_demo" name="collect" time="0.022"/>
  <system-out/>
</testsuite> <!-- com.Data_provider.Runner_demo -->
