<?xml version="1.0" encoding="UTF-8"?>
<!-- Generated by org.testng.reporters.JUnitReportReporter -->
<testsuite hostname="DESKTOP-510UADQ" failures="0" tests="2" name="com.TestNg.Annotations" time="0.050" errors="0" timestamp="2022-07-26T12:26:43 IST" skipped="0">
  <testcase classname="com.TestNg.Annotations" name="mobile_Pur" time="0.015"/>
  <system-out/>
  <testcase classname="com.TestNg.Annotations" name="dress_Purchase" time="0.035"/>
  <system-out/>
</testsuite> <!-- com.TestNg.Annotations -->
