<?xml version="1.0" encoding="UTF-8"?>
<!-- Generated by org.testng.reporters.JUnitReportReporter -->
<testsuite hostname="DESKTOP-510UADQ" failures="0" tests="3" name="Array.Data_provider" time="0.042" errors="0" timestamp="2022-07-28T18:10:30 IST" skipped="0">
  <testcase classname="Array.Data_provider" name="data2" time="0.019"/>
  <system-out/>
  <testcase classname="Array.Data_provider" name="data2" time="0.011"/>
  <system-out/>
  <testcase classname="Array.Data_provider" name="data2" time="0.012"/>
  <system-out/>
</testsuite> <!-- Array.Data_provider -->
