<?xml version="1.0" encoding="UTF-8"?>
<!-- Generated by org.testng.reporters.JUnitReportReporter -->
<testsuite hostname="DESKTOP-510UADQ" failures="0" tests="1" name="com.TestNg.Expected_Exception" time="0.031" errors="0" timestamp="2022-07-27T21:56:11 IST" skipped="0">
  <testcase classname="com.TestNg.Expected_Exception" name="exception" time="0.031"/>
  <system-out/>
</testsuite> <!-- com.TestNg.Expected_Exception -->
