<?xml version="1.0" encoding="UTF-8"?>
<!-- Generated by org.testng.reporters.JUnitReportReporter -->
<testsuite hostname="DESKTOP-510UADQ" failures="0" tests="1" name="com.TestNg.Parameter" time="0.024" errors="0" timestamp="2022-07-30T19:40:07 IST" skipped="0">
  <testcase classname="com.TestNg.Parameter" name="anish" time="0.024"/>
  <system-out/>
</testsuite> <!-- com.TestNg.Parameter -->
