<?xml version="1.0" encoding="UTF-8"?>
<!-- Generated by org.testng.reporters.JUnitReportReporter -->
<testsuite hostname="DESKTOP-510UADQ" failures="0" tests="1" name="com.TestNg.Description_demo" time="0.040" errors="0" timestamp="2022-07-27T12:10:35 IST" skipped="0">
  <testcase classname="com.TestNg.Description_demo" name="laptop" time="0.040"/>
  <system-out/>
</testsuite> <!-- com.TestNg.Description_demo -->
