<?xml version="1.0" encoding="UTF-8"?>
<!-- Generated by org.testng.reporters.JUnitReportReporter -->
<testsuite hostname="DESKTOP-510UADQ" failures="0" tests="1" name="com.testng_project.Adactin_Facebook" time="3.415" errors="0" timestamp="2022-07-30T00:55:25 IST" skipped="0">
  <testcase classname="com.testng_project.Adactin_Facebook" name="Adactin" time="3.415"/>
  <system-out/>
</testsuite> <!-- com.testng_project.Adactin_Facebook -->
