<?xml version="1.0" encoding="UTF-8"?>
<!-- Generated by org.testng.reporters.JUnitReportReporter -->
<testsuite hostname="DESKTOP-510UADQ" failures="0" tests="4" name="com.TestNg.Group_of_groups$Groups_demo" time="0.050" errors="0" timestamp="2022-07-27T23:53:33 IST" skipped="0">
  <testcase classname="com.TestNg.Group_of_groups$Groups_demo" name="spotify" time="0.006"/>
  <system-out/>
  <testcase classname="com.TestNg.Group_of_groups$Groups_demo" name="hotstar" time="0.012"/>
  <system-out/>
  <testcase classname="com.TestNg.Group_of_groups$Groups_demo" name="gaana" time="0.023"/>
  <system-out/>
  <testcase classname="com.TestNg.Group_of_groups$Groups_demo" name="netflix" time="0.009"/>
  <system-out/>
</testsuite> <!-- com.TestNg.Group_of_groups$Groups_demo -->
