<?xml version="1.0" encoding="UTF-8"?>
<!-- Generated by org.testng.reporters.JUnitReportReporter -->
<testsuite hostname="DESKTOP-510UADQ" failures="0" tests="1" name="com.TestNg.Parameter_Optional_Demo" time="0.094" errors="0" timestamp="2022-07-30T22:40:49 IST" skipped="0">
  <testcase classname="com.TestNg.Parameter_Optional_Demo" name="data" time="0.094"/>
  <system-out/>
</testsuite> <!-- com.TestNg.Parameter_Optional_Demo -->
