<?xml version="1.0" encoding="UTF-8"?>
<!-- Generated by org.testng.reporters.JUnitReportReporter -->
<testsuite hostname="DESKTOP-510UADQ" failures="0" tests="2" name="com.TestNg.Groups_demo" time="0.032" errors="0" timestamp="2022-07-28T22:56:48 IST" skipped="0">
  <testcase classname="com.TestNg.Groups_demo" name="netflix" time="0.007"/>
  <system-out/>
  <testcase classname="com.TestNg.Groups_demo" name="hotstar" time="0.025"/>
  <system-out/>
</testsuite> <!-- com.TestNg.Groups_demo -->
