<?xml version="1.0" encoding="UTF-8"?>
<!-- Generated by org.testng.reporters.JUnitReportReporter -->
<testsuite hostname="DESKTOP-510UADQ" failures="0" tests="4" name="com.TestNg.Priority_demo" time="0.058" errors="0" timestamp="2022-07-26T19:06:49 IST" skipped="0">
  <testcase classname="com.TestNg.Priority_demo" name="school" time="0.033"/>
  <system-out/>
  <testcase classname="com.TestNg.Priority_demo" name="diploma" time="0.009"/>
  <system-out/>
  <testcase classname="com.TestNg.Priority_demo" name="ug" time="0.009"/>
  <system-out/>
  <testcase classname="com.TestNg.Priority_demo" name="pg" time="0.007"/>
  <system-out/>
</testsuite> <!-- com.TestNg.Priority_demo -->
