<?xml version="1.0" encoding="UTF-8"?>
<!-- Generated by org.testng.reporters.JUnitReportReporter -->
<testsuite hostname="DESKTOP-510UADQ" failures="0" tests="1" name="com.listner.Runner_Tranformer" time="18.812" errors="0" timestamp="2022-07-31T20:21:40 IST" skipped="0">
  <testcase classname="com.listner.Runner_Tranformer" name="Adactin" time="18.812"/>
  <system-out/>
</testsuite> <!-- com.listner.Runner_Tranformer -->
