<?xml version="1.0" encoding="UTF-8"?>
<!-- Generated by org.testng.reporters.JUnitReportReporter -->
<testsuite hostname="DESKTOP-510UADQ" failures="0" tests="3" name="com.Data_provider.Runner_demo2" time="0.033" errors="0" timestamp="2022-07-28T23:04:22 IST" skipped="0">
  <testcase classname="com.Data_provider.Runner_demo2" name="details" time="0.012"/>
  <system-out/>
  <testcase classname="com.Data_provider.Runner_demo2" name="details" time="0.004"/>
  <system-out/>
  <testcase classname="com.Data_provider.Runner_demo2" name="details" time="0.017"/>
  <system-out/>
</testsuite> <!-- com.Data_provider.Runner_demo2 -->
