<?xml version="1.0" encoding="UTF-8"?>
<!-- Generated by org.testng.reporters.JUnitReportReporter -->
<testsuite hostname="DESKTOP-510UADQ" failures="0" tests="3" name="com.TestNg.Ignore_Concept" time="0.041" errors="0" timestamp="2022-07-26T19:26:26 IST" skipped="0">
  <testcase classname="com.TestNg.Ignore_Concept" name="spotify" time="0.008"/>
  <system-out/>
  <testcase classname="com.TestNg.Ignore_Concept" name="ganna" time="0.024"/>
  <system-out/>
  <testcase classname="com.TestNg.Ignore_Concept" name="wynk" time="0.009"/>
  <system-out/>
</testsuite> <!-- com.TestNg.Ignore_Concept -->
